# project ns (3.16) configured on Mon Mar 11 13:35:32 2024 by
# waf 1.6.11 (abi 98, python 20712f0 on linux2)
# using ./waf configure
#
----------------------------------------
Setting top to
/home/projects/ns-allinone-3.16/ns-3.16
----------------------------------------
Setting out to
/home/projects/ns-allinone-3.16/ns-3.16/build
----------------------------------------
Checking for 'gcc' (c compiler)
find program=['gcc', 'cc'] paths=['/home/.vscode-server/bin/1e790d77f81672c49be070e04474901747115651/bin/remote-cli', '/usr/local/sbin', '/usr/local/bin', '/usr/sbin', '/usr/bin', '/sbin', '/bin', '/usr/games', '/usr/local/games', '/usr/lib/wsl/lib', '/mnt/c/Program Files/Common Files/Oracle/Java/javapath', '/mnt/c/Windows/system32', '/mnt/c/Windows', '/mnt/c/Windows/System32/Wbem', '/mnt/c/Windows/System32/WindowsPowerShell/v1.0/', '/mnt/c/Windows/System32/OpenSSH/', '/mnt/d/Courses/miniconda3', '/mnt/d/Courses/miniconda3/Scripts', '/mnt/d/Courses/miniconda3/Library/mingw-w64/bin', '/mnt/d/Courses/miniconda3/Library/bin', '/mnt/c/Program Files/Git/cmd', '/mnt/c/Program Files/dotnet/', '/mnt/d/Courses/Nodejs/', '/mnt/d/dev/apache-maven-3.9.5/bin', '/mnt/d/dev/JDK11/bin', '/mnt/c/Users/ZCY-/OneDrive/automation', '/mnt/c/Program Files/Docker/Docker/resources/bin', '/mnt/d/dev/mysql-8.1.0-winx64/bin', '/mnt/d/dev/Windows Kits/Windows Performance Toolkit/', '/mnt/c/Program Files (x86)/NetSarang/Xftp 7/', '/mnt/c/Users/ZCY-/AppData/Local/Microsoft/WindowsApps', '/mnt/d/Program Files/Microsoft VS Code/bin', '/mnt/d/Program Files/IntelliJ IDEA 2023.1.3/bin', '/mnt/c/Users/ZCY-/AppData/Local/GitHubDesktop/bin', '/mnt/c/Users/ZCY-/AppData/Roaming/npm', '/snap/bin'] var='CC' -> '/usr/bin/gcc'
find program=['ar'] paths=['/home/.vscode-server/bin/1e790d77f81672c49be070e04474901747115651/bin/remote-cli', '/usr/local/sbin', '/usr/local/bin', '/usr/sbin', '/usr/bin', '/sbin', '/bin', '/usr/games', '/usr/local/games', '/usr/lib/wsl/lib', '/mnt/c/Program Files/Common Files/Oracle/Java/javapath', '/mnt/c/Windows/system32', '/mnt/c/Windows', '/mnt/c/Windows/System32/Wbem', '/mnt/c/Windows/System32/WindowsPowerShell/v1.0/', '/mnt/c/Windows/System32/OpenSSH/', '/mnt/d/Courses/miniconda3', '/mnt/d/Courses/miniconda3/Scripts', '/mnt/d/Courses/miniconda3/Library/mingw-w64/bin', '/mnt/d/Courses/miniconda3/Library/bin', '/mnt/c/Program Files/Git/cmd', '/mnt/c/Program Files/dotnet/', '/mnt/d/Courses/Nodejs/', '/mnt/d/dev/apache-maven-3.9.5/bin', '/mnt/d/dev/JDK11/bin', '/mnt/c/Users/ZCY-/OneDrive/automation', '/mnt/c/Program Files/Docker/Docker/resources/bin', '/mnt/d/dev/mysql-8.1.0-winx64/bin', '/mnt/d/dev/Windows Kits/Windows Performance Toolkit/', '/mnt/c/Program Files (x86)/NetSarang/Xftp 7/', '/mnt/c/Users/ZCY-/AppData/Local/Microsoft/WindowsApps', '/mnt/d/Program Files/Microsoft VS Code/bin', '/mnt/d/Program Files/IntelliJ IDEA 2023.1.3/bin', '/mnt/c/Users/ZCY-/AppData/Local/GitHubDesktop/bin', '/mnt/c/Users/ZCY-/AppData/Roaming/npm', '/snap/bin'] var='AR' -> '/usr/bin/ar'
/usr/bin/gcc
----------------------------------------
Checking for 'g++' (c++ compiler)
find program=['g++', 'c++'] paths=['/home/.vscode-server/bin/1e790d77f81672c49be070e04474901747115651/bin/remote-cli', '/usr/local/sbin', '/usr/local/bin', '/usr/sbin', '/usr/bin', '/sbin', '/bin', '/usr/games', '/usr/local/games', '/usr/lib/wsl/lib', '/mnt/c/Program Files/Common Files/Oracle/Java/javapath', '/mnt/c/Windows/system32', '/mnt/c/Windows', '/mnt/c/Windows/System32/Wbem', '/mnt/c/Windows/System32/WindowsPowerShell/v1.0/', '/mnt/c/Windows/System32/OpenSSH/', '/mnt/d/Courses/miniconda3', '/mnt/d/Courses/miniconda3/Scripts', '/mnt/d/Courses/miniconda3/Library/mingw-w64/bin', '/mnt/d/Courses/miniconda3/Library/bin', '/mnt/c/Program Files/Git/cmd', '/mnt/c/Program Files/dotnet/', '/mnt/d/Courses/Nodejs/', '/mnt/d/dev/apache-maven-3.9.5/bin', '/mnt/d/dev/JDK11/bin', '/mnt/c/Users/ZCY-/OneDrive/automation', '/mnt/c/Program Files/Docker/Docker/resources/bin', '/mnt/d/dev/mysql-8.1.0-winx64/bin', '/mnt/d/dev/Windows Kits/Windows Performance Toolkit/', '/mnt/c/Program Files (x86)/NetSarang/Xftp 7/', '/mnt/c/Users/ZCY-/AppData/Local/Microsoft/WindowsApps', '/mnt/d/Program Files/Microsoft VS Code/bin', '/mnt/d/Program Files/IntelliJ IDEA 2023.1.3/bin', '/mnt/c/Users/ZCY-/AppData/Local/GitHubDesktop/bin', '/mnt/c/Users/ZCY-/AppData/Roaming/npm', '/snap/bin'] var='CXX' -> '/usr/bin/g++'
(tool ar is already loaded, skipping)
/usr/bin/g++
----------------------------------------
Checking for program pkg-config
/usr/bin/pkg-config
find program=['pkg-config'] paths=['/home/.vscode-server/bin/1e790d77f81672c49be070e04474901747115651/bin/remote-cli', '/usr/local/sbin', '/usr/local/bin', '/usr/sbin', '/usr/bin', '/sbin', '/bin', '/usr/games', '/usr/local/games', '/usr/lib/wsl/lib', '/mnt/c/Program Files/Common Files/Oracle/Java/javapath', '/mnt/c/Windows/system32', '/mnt/c/Windows', '/mnt/c/Windows/System32/Wbem', '/mnt/c/Windows/System32/WindowsPowerShell/v1.0/', '/mnt/c/Windows/System32/OpenSSH/', '/mnt/d/Courses/miniconda3', '/mnt/d/Courses/miniconda3/Scripts', '/mnt/d/Courses/miniconda3/Library/mingw-w64/bin', '/mnt/d/Courses/miniconda3/Library/bin', '/mnt/c/Program Files/Git/cmd', '/mnt/c/Program Files/dotnet/', '/mnt/d/Courses/Nodejs/', '/mnt/d/dev/apache-maven-3.9.5/bin', '/mnt/d/dev/JDK11/bin', '/mnt/c/Users/ZCY-/OneDrive/automation', '/mnt/c/Program Files/Docker/Docker/resources/bin', '/mnt/d/dev/mysql-8.1.0-winx64/bin', '/mnt/d/dev/Windows Kits/Windows Performance Toolkit/', '/mnt/c/Program Files (x86)/NetSarang/Xftp 7/', '/mnt/c/Users/ZCY-/AppData/Local/Microsoft/WindowsApps', '/mnt/d/Program Files/Microsoft VS Code/bin', '/mnt/d/Program Files/IntelliJ IDEA 2023.1.3/bin', '/mnt/c/Users/ZCY-/AppData/Local/GitHubDesktop/bin', '/mnt/c/Users/ZCY-/AppData/Roaming/npm', '/snap/bin'] var='PKG_CONFIG' -> '/usr/bin/pkg-config'
---------------------------------------------------------
Checking for compilation flag -Wl,--soname=foo... support
==>
#include <stdio.h>
int main() { return 0; }

<==
[1/2] [32mcxx: build/.conf_check_fe0ca542f39064c5a14ee41a2e983996/test.cc -> build/.conf_check_fe0ca542f39064c5a14ee41a2e983996/testbuild/test.cc.1.o
[0m
['/usr/bin/g++', '-std=c++11', '-Wl,--soname=foo', '-DNS3_ASSERT_ENABLE', '-DNS3_LOG_ENABLE', '../test.cc', '-c', '-o', 'test.cc.1.o']
[2/2] [33mcxxprogram: build/.conf_check_fe0ca542f39064c5a14ee41a2e983996/testbuild/test.cc.1.o -> build/.conf_check_fe0ca542f39064c5a14ee41a2e983996/testbuild/testprog
[0m
['/usr/bin/g++', 'test.cc.1.o', '-o', '/home/projects/ns-allinone-3.16/ns-3.16/build/.conf_check_fe0ca542f39064c5a14ee41a2e983996/testbuild/testprog', '-Wl,-Bstatic', '-Wl,-Bdynamic']
ok
---------------------------------------------------------
Checking for program python
/usr/bin/python
find program=['python'] paths=['/home/.vscode-server/bin/1e790d77f81672c49be070e04474901747115651/bin/remote-cli', '/usr/local/sbin', '/usr/local/bin', '/usr/sbin', '/usr/bin', '/sbin', '/bin', '/usr/games', '/usr/local/games', '/usr/lib/wsl/lib', '/mnt/c/Program Files/Common Files/Oracle/Java/javapath', '/mnt/c/Windows/system32', '/mnt/c/Windows', '/mnt/c/Windows/System32/Wbem', '/mnt/c/Windows/System32/WindowsPowerShell/v1.0/', '/mnt/c/Windows/System32/OpenSSH/', '/mnt/d/Courses/miniconda3', '/mnt/d/Courses/miniconda3/Scripts', '/mnt/d/Courses/miniconda3/Library/mingw-w64/bin', '/mnt/d/Courses/miniconda3/Library/bin', '/mnt/c/Program Files/Git/cmd', '/mnt/c/Program Files/dotnet/', '/mnt/d/Courses/Nodejs/', '/mnt/d/dev/apache-maven-3.9.5/bin', '/mnt/d/dev/JDK11/bin', '/mnt/c/Users/ZCY-/OneDrive/automation', '/mnt/c/Program Files/Docker/Docker/resources/bin', '/mnt/d/dev/mysql-8.1.0-winx64/bin', '/mnt/d/dev/Windows Kits/Windows Performance Toolkit/', '/mnt/c/Program Files (x86)/NetSarang/Xftp 7/', '/mnt/c/Users/ZCY-/AppData/Local/Microsoft/WindowsApps', '/mnt/d/Program Files/Microsoft VS Code/bin', '/mnt/d/Program Files/IntelliJ IDEA 2023.1.3/bin', '/mnt/c/Users/ZCY-/AppData/Local/GitHubDesktop/bin', '/mnt/c/Users/ZCY-/AppData/Roaming/npm', '/snap/bin'] var='PYTHON' -> '/usr/bin/python'
['/usr/bin/python', '-c', 'import sys\nfor x in sys.version_info: print(str(x))']
out: 2
7
18
final
0

['/usr/bin/python', '-c', "from distutils.sysconfig import get_config_var, get_python_lib\n\nprint(repr(get_python_lib(standard_lib=0, prefix='/usr/local') or ''))"]
out: '/usr/local/lib/python2.7/dist-packages'

['/usr/bin/python', '-c', "from distutils.sysconfig import get_config_var, get_python_lib\n\nprint(repr(get_python_lib(plat_specific=1, standard_lib=0, prefix='/usr/local') or ''))"]
out: '/usr/local/lib/python2.7/dist-packages'

---------------------------------------------------------
Checking for python version
(2, 7, 18, 'final', 0)
['/usr/bin/python', '-c', "from distutils.sysconfig import get_config_var, get_python_lib\n\nprint(repr(get_config_var('prefix') or ''))\nprint(repr(get_config_var('SO') or ''))\nprint(repr(get_config_var('LDFLAGS') or ''))\nprint(repr(get_config_var('LIBDIR') or ''))\nprint(repr(get_config_var('LIBPL') or ''))\nprint(repr(get_config_var('INCLUDEPY') or ''))\nprint(repr(get_config_var('Py_ENABLE_SHARED') or ''))\nprint(repr(get_config_var('MACOSX_DEPLOYMENT_TARGET') or ''))\nprint(repr(get_config_var('LDSHARED') or ''))\nprint(repr(get_config_var('CFLAGS') or ''))"]
out: '/usr'
'.so'
'-Wl,-Bsymbolic-functions -flto=auto -ffat-lto-objects -flto=auto -Wl,-z,relro'
'/usr/lib'
'/usr/lib/python2.7/config-x86_64-linux-gnu'
'/usr/include/python2.7'
1
''
'x86_64-linux-gnu-gcc -shared -Wl,-O1 -Wl,-Bsymbolic-functions -Wl,-Bsymbolic-functions -flto=auto -ffat-lto-objects -flto=auto -Wl,-z,relro -fno-strict-aliasing -DNDEBUG -g -fwrapv -O2 -Wall -Wstrict-prototypes -Wdate-time -D_FORTIFY_SOURCE=2 -g -ffile-prefix-map=/build/python2.7-W40Ff2/python2.7-2.7.18=. -flto=auto -ffat-lto-objects -flto=auto -ffat-lto-objects -fstack-protector-strong -Wformat -Werror=format-security  '
'-fno-strict-aliasing -DNDEBUG -g -fwrapv -O2 -Wall -Wstrict-prototypes -Wdate-time -D_FORTIFY_SOURCE=2 -g -ffile-prefix-map=/build/python2.7-W40Ff2/python2.7-2.7.18=. -flto=auto -ffat-lto-objects -flto=auto -ffat-lto-objects -fstack-protector-strong -Wformat -Werror=format-security  '

Configuration returned from ['/usr/bin/python']:
"prefix = '/usr'\nSO = '.so'\nLDFLAGS = '-Wl,-Bsymbolic-functions -flto=auto -ffat-lto-objects -flto=auto -Wl,-z,relro'\nLIBDIR = '/usr/lib'\nLIBPL = '/usr/lib/python2.7/config-x86_64-linux-gnu'\nINCLUDEPY = '/usr/include/python2.7'\nPy_ENABLE_SHARED = 1\nMACOSX_DEPLOYMENT_TARGET = ''\nLDSHARED = 'x86_64-linux-gnu-gcc -shared -Wl,-O1 -Wl,-Bsymbolic-functions -Wl,-Bsymbolic-functions -flto=auto -ffat-lto-objects -flto=auto -Wl,-z,relro -fno-strict-aliasing -DNDEBUG -g -fwrapv -O2 -Wall -Wstrict-prototypes -Wdate-time -D_FORTIFY_SOURCE=2 -g -ffile-prefix-map=/build/python2.7-W40Ff2/python2.7-2.7.18=. -flto=auto -ffat-lto-objects -flto=auto -ffat-lto-objects -fstack-protector-strong -Wformat -Werror=format-security  '\nCFLAGS = '-fno-strict-aliasing -DNDEBUG -g -fwrapv -O2 -Wall -Wstrict-prototypes -Wdate-time -D_FORTIFY_SOURCE=2 -g -ffile-prefix-map=/build/python2.7-W40Ff2/python2.7-2.7.18=. -flto=auto -ffat-lto-objects -flto=auto -ffat-lto-objects -fstack-protector-strong -Wformat -Werror=format-security  '"



# try again with -L$python_LIBDIR: ['/usr/lib']

---------------------------------------------------------
Checking for library python2.7 in LIBDIR
==>

int main() {
	return 0;
}

<==
[1/2] [32mcxx: build/.conf_check_9a1d0551212c9d703363e62dfbc51c79/test.cpp -> build/.conf_check_9a1d0551212c9d703363e62dfbc51c79/testbuild/test.cpp.1.o
[0m
['/usr/bin/g++', '-std=c++11', '-flto=auto', '-ffat-lto-objects', '-flto=auto', '-fno-strict-aliasing', '-fwrapv', '-ffile-prefix-map=/build/python2.7-W40Ff2/python2.7-2.7.18=.', '-flto=auto', '-ffat-lto-objects', '-flto=auto', '-ffat-lto-objects', '-fstack-protector-strong', '-DNS3_ASSERT_ENABLE', '-DNS3_LOG_ENABLE', '-DPYTHONDIR="/usr/local/lib/python2.7/dist-packages"', '-DPYTHONARCHDIR="/usr/local/lib/python2.7/dist-packages"', '-DNDEBUG', '-D_FORTIFY_SOURCE=2', '../test.cpp', '-c', '-o', 'test.cpp.1.o']
err: g++: error: unrecognized command line option â€˜-ffile-prefix-map=/build/python2.7-W40Ff2/python2.7-2.7.18=.â€™

from /home/projects/ns-allinone-3.16/ns-3.16/bindings/python: Test does not build: Traceback (most recent call last):
  File "/home/projects/ns-allinone-3.16/ns-3.16/.waf-1.6.11-30618c54883417962c38f5d395f83584/waflib/Tools/c_config.py", line 445, in run_c_code
    bld.compile()
  File "/home/projects/ns-allinone-3.16/ns-3.16/.waf-1.6.11-30618c54883417962c38f5d395f83584/waflib/Build.py", line 190, in compile
    raise Errors.BuildError(self.producer.error)
BuildError: Build failed
 -> task in 'testprog' failed (exit status 1): 
	{task 139732253967376: cxx test.cpp -> test.cpp.1.o}
['/usr/bin/g++', '-std=c++11', '-flto=auto', '-ffat-lto-objects', '-flto=auto', '-fno-strict-aliasing', '-fwrapv', '-ffile-prefix-map=/build/python2.7-W40Ff2/python2.7-2.7.18=.', '-flto=auto', '-ffat-lto-objects', '-flto=auto', '-ffat-lto-objects', '-fstack-protector-strong', '-DNS3_ASSERT_ENABLE', '-DNS3_LOG_ENABLE', '-DPYTHONDIR="/usr/local/lib/python2.7/dist-packages"', '-DPYTHONARCHDIR="/usr/local/lib/python2.7/dist-packages"', '-DNDEBUG', '-D_FORTIFY_SOURCE=2', '../test.cpp', '-c', '-o', 'test.cpp.1.o']

not found
from /home/projects/ns-allinone-3.16/ns-3.16/bindings/python: The configuration failed


# try again with -L$python_LIBPL (some systems don't install the python library in $prefix/lib)

---------------------------------------------------------
Checking for library python2.7 in python_LIBPL
==>

int main() {
	return 0;
}

<==
[1/2] [32mcxx: build/.conf_check_267873a46b63471f4a6b278dd2ef1463/test.cpp -> build/.conf_check_267873a46b63471f4a6b278dd2ef1463/testbuild/test.cpp.1.o
[0m
['/usr/bin/g++', '-std=c++11', '-flto=auto', '-ffat-lto-objects', '-flto=auto', '-fno-strict-aliasing', '-fwrapv', '-ffile-prefix-map=/build/python2.7-W40Ff2/python2.7-2.7.18=.', '-flto=auto', '-ffat-lto-objects', '-flto=auto', '-ffat-lto-objects', '-fstack-protector-strong', '-DNS3_ASSERT_ENABLE', '-DNS3_LOG_ENABLE', '-DPYTHONDIR="/usr/local/lib/python2.7/dist-packages"', '-DPYTHONARCHDIR="/usr/local/lib/python2.7/dist-packages"', '-DNDEBUG', '-D_FORTIFY_SOURCE=2', '../test.cpp', '-c', '-o', 'test.cpp.1.o']
err: g++: error: unrecognized command line option â€˜-ffile-prefix-map=/build/python2.7-W40Ff2/python2.7-2.7.18=.â€™

from /home/projects/ns-allinone-3.16/ns-3.16/bindings/python: Test does not build: Traceback (most recent call last):
  File "/home/projects/ns-allinone-3.16/ns-3.16/.waf-1.6.11-30618c54883417962c38f5d395f83584/waflib/Tools/c_config.py", line 445, in run_c_code
    bld.compile()
  File "/home/projects/ns-allinone-3.16/ns-3.16/.waf-1.6.11-30618c54883417962c38f5d395f83584/waflib/Build.py", line 190, in compile
    raise Errors.BuildError(self.producer.error)
BuildError: Build failed
 -> task in 'testprog' failed (exit status 1): 
	{task 139732253578384: cxx test.cpp -> test.cpp.1.o}
['/usr/bin/g++', '-std=c++11', '-flto=auto', '-ffat-lto-objects', '-flto=auto', '-fno-strict-aliasing', '-fwrapv', '-ffile-prefix-map=/build/python2.7-W40Ff2/python2.7-2.7.18=.', '-flto=auto', '-ffat-lto-objects', '-flto=auto', '-ffat-lto-objects', '-fstack-protector-strong', '-DNS3_ASSERT_ENABLE', '-DNS3_LOG_ENABLE', '-DPYTHONDIR="/usr/local/lib/python2.7/dist-packages"', '-DPYTHONARCHDIR="/usr/local/lib/python2.7/dist-packages"', '-DNDEBUG', '-D_FORTIFY_SOURCE=2', '../test.cpp', '-c', '-o', 'test.cpp.1.o']

not found
from /home/projects/ns-allinone-3.16/ns-3.16/bindings/python: The configuration failed


# try again with -L$prefix/libs, and pythonXY name rather than pythonX.Y (win32)

---------------------------------------------------------
Checking for library python2.7 in $prefix/libs
==>

int main() {
	return 0;
}

<==
[1/2] [32mcxx: build/.conf_check_9a621d8d692d9a7d21035acfe3591b58/test.cpp -> build/.conf_check_9a621d8d692d9a7d21035acfe3591b58/testbuild/test.cpp.1.o
[0m
['/usr/bin/g++', '-std=c++11', '-flto=auto', '-ffat-lto-objects', '-flto=auto', '-fno-strict-aliasing', '-fwrapv', '-ffile-prefix-map=/build/python2.7-W40Ff2/python2.7-2.7.18=.', '-flto=auto', '-ffat-lto-objects', '-flto=auto', '-ffat-lto-objects', '-fstack-protector-strong', '-DNS3_ASSERT_ENABLE', '-DNS3_LOG_ENABLE', '-DPYTHONDIR="/usr/local/lib/python2.7/dist-packages"', '-DPYTHONARCHDIR="/usr/local/lib/python2.7/dist-packages"', '-DNDEBUG', '-D_FORTIFY_SOURCE=2', '../test.cpp', '-c', '-o', 'test.cpp.1.o']
err: g++: error: unrecognized command line option â€˜-ffile-prefix-map=/build/python2.7-W40Ff2/python2.7-2.7.18=.â€™

from /home/projects/ns-allinone-3.16/ns-3.16/bindings/python: Test does not build: Traceback (most recent call last):
  File "/home/projects/ns-allinone-3.16/ns-3.16/.waf-1.6.11-30618c54883417962c38f5d395f83584/waflib/Tools/c_config.py", line 445, in run_c_code
    bld.compile()
  File "/home/projects/ns-allinone-3.16/ns-3.16/.waf-1.6.11-30618c54883417962c38f5d395f83584/waflib/Build.py", line 190, in compile
    raise Errors.BuildError(self.producer.error)
BuildError: Build failed
 -> task in 'testprog' failed (exit status 1): 
	{task 139732253579664: cxx test.cpp -> test.cpp.1.o}
['/usr/bin/g++', '-std=c++11', '-flto=auto', '-ffat-lto-objects', '-flto=auto', '-fno-strict-aliasing', '-fwrapv', '-ffile-prefix-map=/build/python2.7-W40Ff2/python2.7-2.7.18=.', '-flto=auto', '-ffat-lto-objects', '-flto=auto', '-ffat-lto-objects', '-fstack-protector-strong', '-DNS3_ASSERT_ENABLE', '-DNS3_LOG_ENABLE', '-DPYTHONDIR="/usr/local/lib/python2.7/dist-packages"', '-DPYTHONARCHDIR="/usr/local/lib/python2.7/dist-packages"', '-DNDEBUG', '-D_FORTIFY_SOURCE=2', '../test.cpp', '-c', '-o', 'test.cpp.1.o']

not found
from /home/projects/ns-allinone-3.16/ns-3.16/bindings/python: The configuration failed


# try again with -L$python_LIBDIR: ['/usr/lib']

---------------------------------------------------------
Checking for library python27 in LIBDIR
==>

int main() {
	return 0;
}

<==
[1/2] [32mcxx: build/.conf_check_aca5ebc4e02cf4ee916c3308e665d309/test.cpp -> build/.conf_check_aca5ebc4e02cf4ee916c3308e665d309/testbuild/test.cpp.1.o
[0m
['/usr/bin/g++', '-std=c++11', '-flto=auto', '-ffat-lto-objects', '-flto=auto', '-fno-strict-aliasing', '-fwrapv', '-ffile-prefix-map=/build/python2.7-W40Ff2/python2.7-2.7.18=.', '-flto=auto', '-ffat-lto-objects', '-flto=auto', '-ffat-lto-objects', '-fstack-protector-strong', '-DNS3_ASSERT_ENABLE', '-DNS3_LOG_ENABLE', '-DPYTHONDIR="/usr/local/lib/python2.7/dist-packages"', '-DPYTHONARCHDIR="/usr/local/lib/python2.7/dist-packages"', '-DNDEBUG', '-D_FORTIFY_SOURCE=2', '../test.cpp', '-c', '-o', 'test.cpp.1.o']
err: g++: error: unrecognized command line option â€˜-ffile-prefix-map=/build/python2.7-W40Ff2/python2.7-2.7.18=.â€™

from /home/projects/ns-allinone-3.16/ns-3.16/bindings/python: Test does not build: Traceback (most recent call last):
  File "/home/projects/ns-allinone-3.16/ns-3.16/.waf-1.6.11-30618c54883417962c38f5d395f83584/waflib/Tools/c_config.py", line 445, in run_c_code
    bld.compile()
  File "/home/projects/ns-allinone-3.16/ns-3.16/.waf-1.6.11-30618c54883417962c38f5d395f83584/waflib/Build.py", line 190, in compile
    raise Errors.BuildError(self.producer.error)
BuildError: Build failed
 -> task in 'testprog' failed (exit status 1): 
	{task 139732252863184: cxx test.cpp -> test.cpp.1.o}
['/usr/bin/g++', '-std=c++11', '-flto=auto', '-ffat-lto-objects', '-flto=auto', '-fno-strict-aliasing', '-fwrapv', '-ffile-prefix-map=/build/python2.7-W40Ff2/python2.7-2.7.18=.', '-flto=auto', '-ffat-lto-objects', '-flto=auto', '-ffat-lto-objects', '-fstack-protector-strong', '-DNS3_ASSERT_ENABLE', '-DNS3_LOG_ENABLE', '-DPYTHONDIR="/usr/local/lib/python2.7/dist-packages"', '-DPYTHONARCHDIR="/usr/local/lib/python2.7/dist-packages"', '-DNDEBUG', '-D_FORTIFY_SOURCE=2', '../test.cpp', '-c', '-o', 'test.cpp.1.o']

not found
from /home/projects/ns-allinone-3.16/ns-3.16/bindings/python: The configuration failed


# try again with -L$python_LIBPL (some systems don't install the python library in $prefix/lib)

---------------------------------------------------------
Checking for library python27 in python_LIBPL
==>

int main() {
	return 0;
}

<==
[1/2] [32mcxx: build/.conf_check_f928e99f5ec2b461eb401d0a7a439d8c/test.cpp -> build/.conf_check_f928e99f5ec2b461eb401d0a7a439d8c/testbuild/test.cpp.1.o
[0m
['/usr/bin/g++', '-std=c++11', '-flto=auto', '-ffat-lto-objects', '-flto=auto', '-fno-strict-aliasing', '-fwrapv', '-ffile-prefix-map=/build/python2.7-W40Ff2/python2.7-2.7.18=.', '-flto=auto', '-ffat-lto-objects', '-flto=auto', '-ffat-lto-objects', '-fstack-protector-strong', '-DNS3_ASSERT_ENABLE', '-DNS3_LOG_ENABLE', '-DPYTHONDIR="/usr/local/lib/python2.7/dist-packages"', '-DPYTHONARCHDIR="/usr/local/lib/python2.7/dist-packages"', '-DNDEBUG', '-D_FORTIFY_SOURCE=2', '../test.cpp', '-c', '-o', 'test.cpp.1.o']
err: g++: error: unrecognized command line option â€˜-ffile-prefix-map=/build/python2.7-W40Ff2/python2.7-2.7.18=.â€™

from /home/projects/ns-allinone-3.16/ns-3.16/bindings/python: Test does not build: Traceback (most recent call last):
  File "/home/projects/ns-allinone-3.16/ns-3.16/.waf-1.6.11-30618c54883417962c38f5d395f83584/waflib/Tools/c_config.py", line 445, in run_c_code
    bld.compile()
  File "/home/projects/ns-allinone-3.16/ns-3.16/.waf-1.6.11-30618c54883417962c38f5d395f83584/waflib/Build.py", line 190, in compile
    raise Errors.BuildError(self.producer.error)
BuildError: Build failed
 -> task in 'testprog' failed (exit status 1): 
	{task 139732252861520: cxx test.cpp -> test.cpp.1.o}
['/usr/bin/g++', '-std=c++11', '-flto=auto', '-ffat-lto-objects', '-flto=auto', '-fno-strict-aliasing', '-fwrapv', '-ffile-prefix-map=/build/python2.7-W40Ff2/python2.7-2.7.18=.', '-flto=auto', '-ffat-lto-objects', '-flto=auto', '-ffat-lto-objects', '-fstack-protector-strong', '-DNS3_ASSERT_ENABLE', '-DNS3_LOG_ENABLE', '-DPYTHONDIR="/usr/local/lib/python2.7/dist-packages"', '-DPYTHONARCHDIR="/usr/local/lib/python2.7/dist-packages"', '-DNDEBUG', '-D_FORTIFY_SOURCE=2', '../test.cpp', '-c', '-o', 'test.cpp.1.o']

not found
from /home/projects/ns-allinone-3.16/ns-3.16/bindings/python: The configuration failed


# try again with -L$prefix/libs, and pythonXY name rather than pythonX.Y (win32)

---------------------------------------------------------
Checking for library python27 in $prefix/libs
==>

int main() {
	return 0;
}

<==
[1/2] [32mcxx: build/.conf_check_cb939dacdffe5b4601a3d7955f085559/test.cpp -> build/.conf_check_cb939dacdffe5b4601a3d7955f085559/testbuild/test.cpp.1.o
[0m
['/usr/bin/g++', '-std=c++11', '-flto=auto', '-ffat-lto-objects', '-flto=auto', '-fno-strict-aliasing', '-fwrapv', '-ffile-prefix-map=/build/python2.7-W40Ff2/python2.7-2.7.18=.', '-flto=auto', '-ffat-lto-objects', '-flto=auto', '-ffat-lto-objects', '-fstack-protector-strong', '-DNS3_ASSERT_ENABLE', '-DNS3_LOG_ENABLE', '-DPYTHONDIR="/usr/local/lib/python2.7/dist-packages"', '-DPYTHONARCHDIR="/usr/local/lib/python2.7/dist-packages"', '-DNDEBUG', '-D_FORTIFY_SOURCE=2', '../test.cpp', '-c', '-o', 'test.cpp.1.o']
err: g++: error: unrecognized command line option â€˜-ffile-prefix-map=/build/python2.7-W40Ff2/python2.7-2.7.18=.â€™

from /home/projects/ns-allinone-3.16/ns-3.16/bindings/python: Test does not build: Traceback (most recent call last):
  File "/home/projects/ns-allinone-3.16/ns-3.16/.waf-1.6.11-30618c54883417962c38f5d395f83584/waflib/Tools/c_config.py", line 445, in run_c_code
    bld.compile()
  File "/home/projects/ns-allinone-3.16/ns-3.16/.waf-1.6.11-30618c54883417962c38f5d395f83584/waflib/Build.py", line 190, in compile
    raise Errors.BuildError(self.producer.error)
BuildError: Build failed
 -> task in 'testprog' failed (exit status 1): 
	{task 139732253578896: cxx test.cpp -> test.cpp.1.o}
['/usr/bin/g++', '-std=c++11', '-flto=auto', '-ffat-lto-objects', '-flto=auto', '-fno-strict-aliasing', '-fwrapv', '-ffile-prefix-map=/build/python2.7-W40Ff2/python2.7-2.7.18=.', '-flto=auto', '-ffat-lto-objects', '-flto=auto', '-ffat-lto-objects', '-fstack-protector-strong', '-DNS3_ASSERT_ENABLE', '-DNS3_LOG_ENABLE', '-DPYTHONDIR="/usr/local/lib/python2.7/dist-packages"', '-DPYTHONARCHDIR="/usr/local/lib/python2.7/dist-packages"', '-DNDEBUG', '-D_FORTIFY_SOURCE=2', '../test.cpp', '-c', '-o', 'test.cpp.1.o']

not found
from /home/projects/ns-allinone-3.16/ns-3.16/bindings/python: The configuration failed


### LIB NOT FOUND

-------------------------------------------------------------------------
Checking for program python2.7-config,python-config-2.7,python2.7m-config
not found
find program=['python2.7-config', 'python-config-2.7', 'python2.7m-config'] paths=['/home/.vscode-server/bin/1e790d77f81672c49be070e04474901747115651/bin/remote-cli', '/usr/local/sbin', '/usr/local/bin', '/usr/sbin', '/usr/bin', '/sbin', '/bin', '/usr/games', '/usr/local/games', '/usr/lib/wsl/lib', '/mnt/c/Program Files/Common Files/Oracle/Java/javapath', '/mnt/c/Windows/system32', '/mnt/c/Windows', '/mnt/c/Windows/System32/Wbem', '/mnt/c/Windows/System32/WindowsPowerShell/v1.0/', '/mnt/c/Windows/System32/OpenSSH/', '/mnt/d/Courses/miniconda3', '/mnt/d/Courses/miniconda3/Scripts', '/mnt/d/Courses/miniconda3/Library/mingw-w64/bin', '/mnt/d/Courses/miniconda3/Library/bin', '/mnt/c/Program Files/Git/cmd', '/mnt/c/Program Files/dotnet/', '/mnt/d/Courses/Nodejs/', '/mnt/d/dev/apache-maven-3.9.5/bin', '/mnt/d/dev/JDK11/bin', '/mnt/c/Users/ZCY-/OneDrive/automation', '/mnt/c/Program Files/Docker/Docker/resources/bin', '/mnt/d/dev/mysql-8.1.0-winx64/bin', '/mnt/d/dev/Windows Kits/Windows Performance Toolkit/', '/mnt/c/Program Files (x86)/NetSarang/Xftp 7/', '/mnt/c/Users/ZCY-/AppData/Local/Microsoft/WindowsApps', '/mnt/d/Program Files/Microsoft VS Code/bin', '/mnt/d/Program Files/IntelliJ IDEA 2023.1.3/bin', '/mnt/c/Users/ZCY-/AppData/Local/GitHubDesktop/bin', '/mnt/c/Users/ZCY-/AppData/Roaming/npm', '/snap/bin'] var='PYTHON_CONFIG' -> ''
from /home/projects/ns-allinone-3.16/ns-3.16/bindings/python: Could not find the program python2.7-config,python-config-2.7,python2.7m-config
Include path for Python extensions (found via distutils module): '/usr/include/python2.7'

-------------------------------------------------------------------------
Checking for header Python.h
==>

#include <Python.h>
#ifdef __cplusplus
extern "C" {
#endif
	void Py_Initialize(void);
	void Py_Finalize(void);
#ifdef __cplusplus
}
#endif
int main()
{
   Py_Initialize();
   Py_Finalize();
   return 0;
}

<==
[1/2] [32mcxx: build/.conf_check_d6c8946949ece91ce43c989711393fec/test.cpp -> build/.conf_check_d6c8946949ece91ce43c989711393fec/testbuild/test.cpp.1.o
[0m
['/usr/bin/g++', '-std=c++11', '-flto=auto', '-ffat-lto-objects', '-flto=auto', '-fno-strict-aliasing', '-fwrapv', '-ffile-prefix-map=/build/python2.7-W40Ff2/python2.7-2.7.18=.', '-flto=auto', '-ffat-lto-objects', '-flto=auto', '-ffat-lto-objects', '-fstack-protector-strong', '-fno-strict-aliasing', '-I/usr/include/python2.7', '-DNS3_ASSERT_ENABLE', '-DNS3_LOG_ENABLE', '-DPYTHONDIR="/usr/local/lib/python2.7/dist-packages"', '-DPYTHONARCHDIR="/usr/local/lib/python2.7/dist-packages"', '-DNDEBUG', '-D_FORTIFY_SOURCE=2', '../test.cpp', '-c', '-o', 'test.cpp.1.o']
err: g++: error: unrecognized command line option â€˜-ffile-prefix-map=/build/python2.7-W40Ff2/python2.7-2.7.18=.â€™

from /home/projects/ns-allinone-3.16/ns-3.16/bindings/python: Test does not build: Traceback (most recent call last):
  File "/home/projects/ns-allinone-3.16/ns-3.16/.waf-1.6.11-30618c54883417962c38f5d395f83584/waflib/Tools/c_config.py", line 445, in run_c_code
    bld.compile()
  File "/home/projects/ns-allinone-3.16/ns-3.16/.waf-1.6.11-30618c54883417962c38f5d395f83584/waflib/Build.py", line 190, in compile
    raise Errors.BuildError(self.producer.error)
BuildError: Build failed
 -> task in 'testprog' failed (exit status 1): 
	{task 139732253978960: cxx test.cpp -> test.cpp.1.o}
['/usr/bin/g++', '-std=c++11', '-flto=auto', '-ffat-lto-objects', '-flto=auto', '-fno-strict-aliasing', '-fwrapv', '-ffile-prefix-map=/build/python2.7-W40Ff2/python2.7-2.7.18=.', '-flto=auto', '-ffat-lto-objects', '-flto=auto', '-ffat-lto-objects', '-fstack-protector-strong', '-fno-strict-aliasing', '-I/usr/include/python2.7', '-DNS3_ASSERT_ENABLE', '-DNS3_LOG_ENABLE', '-DPYTHONDIR="/usr/local/lib/python2.7/dist-packages"', '-DPYTHONARCHDIR="/usr/local/lib/python2.7/dist-packages"', '-DNDEBUG', '-D_FORTIFY_SOURCE=2', '../test.cpp', '-c', '-o', 'test.cpp.1.o']

Could not find the python development headers
from /home/projects/ns-allinone-3.16/ns-3.16/bindings/python: The configuration failed
-------------------------------------------------------------------------
Checking for []
[[], '--cflags', '--libs']
not found
from /home/projects/ns-allinone-3.16/ns-3.16/bindings/python: The configuration failed
-------------------------------------------------------------------------
Checking for click location
not found
-------------------------------------------------------------------------
Checking for pkg-config flags for GTK_CONFIG_STORE
['/usr/bin/pkg-config', '--cflags', '--libs', 'gtk+-2.0 >= 2.12']: '' (exit code 1)
Package gtk+-2.0 was not found in the pkg-config search path.
Perhaps you should add the directory containing `gtk+-2.0.pc'
to the PKG_CONFIG_PATH environment variable
No package 'gtk+-2.0' found

not found
-------------------------------------------------------------------------
Checking for pkg-config flags for LIBXML2
['/usr/bin/pkg-config', '--cflags', '--libs', 'libxml-2.0 >= 2.6']: '' (exit code 1)
Package libxml-2.0 was not found in the pkg-config search path.
Perhaps you should add the directory containing `libxml-2.0.pc'
to the PKG_CONFIG_PATH environment variable
No package 'libxml-2.0' found

not found
-------------------------------------------------------------------------
Checking for type uint128_t
==>
#include <stdint.h>

int main() {
	if ((uint128_t *) 0) return 0;
	if (sizeof (uint128_t)) return 0;
}

<==
[1/2] [32mcxx: build/.conf_check_9a9aa0a48a7447bdd461f06307f32dc7/test.cpp -> build/.conf_check_9a9aa0a48a7447bdd461f06307f32dc7/testbuild/test.cpp.1.o
[0m
['/usr/bin/g++', '-std=c++11', '-DNS3_ASSERT_ENABLE', '-DNS3_LOG_ENABLE', '../test.cpp', '-c', '-o', 'test.cpp.1.o']
err: ../test.cpp: In function â€˜int main()â€™:
../test.cpp:4:7: error: â€˜uint128_tâ€™ was not declared in this scope
  if ((uint128_t *) 0) return 0;
       ^
../test.cpp:4:18: error: expected primary-expression before â€˜)â€™ token
  if ((uint128_t *) 0) return 0;
                  ^
../test.cpp:4:20: error: expected â€˜)â€™ before numeric constant
  if ((uint128_t *) 0) return 0;
                    ^
../test.cpp:5:14: error: â€˜uint128_tâ€™ was not declared in this scope
  if (sizeof (uint128_t)) return 0;
              ^

from /home/projects/ns-allinone-3.16/ns-3.16/src/core: Test does not build: Traceback (most recent call last):
  File "/home/projects/ns-allinone-3.16/ns-3.16/.waf-1.6.11-30618c54883417962c38f5d395f83584/waflib/Tools/c_config.py", line 445, in run_c_code
    bld.compile()
  File "/home/projects/ns-allinone-3.16/ns-3.16/.waf-1.6.11-30618c54883417962c38f5d395f83584/waflib/Build.py", line 190, in compile
    raise Errors.BuildError(self.producer.error)
BuildError: Build failed
 -> task in 'testprog' failed (exit status 1): 
	{task 139732253825616: cxx test.cpp -> test.cpp.1.o}
['/usr/bin/g++', '-std=c++11', '-DNS3_ASSERT_ENABLE', '-DNS3_LOG_ENABLE', '../test.cpp', '-c', '-o', 'test.cpp.1.o']

not found
from /home/projects/ns-allinone-3.16/ns-3.16/src/core: The configuration failed
-------------------------------------------------------------------------
Checking for type __uint128_t
==>
#include <stdint.h>

int main() {
	if ((__uint128_t *) 0) return 0;
	if (sizeof (__uint128_t)) return 0;
}

<==
[1/2] [32mcxx: build/.conf_check_703a8a276d4ad265d967b1b45f1fc578/test.cpp -> build/.conf_check_703a8a276d4ad265d967b1b45f1fc578/testbuild/test.cpp.1.o
[0m
['/usr/bin/g++', '-std=c++11', '-DNS3_ASSERT_ENABLE', '-DNS3_LOG_ENABLE', '../test.cpp', '-c', '-o', 'test.cpp.1.o']
[2/2] [33mcxxprogram: build/.conf_check_703a8a276d4ad265d967b1b45f1fc578/testbuild/test.cpp.1.o -> build/.conf_check_703a8a276d4ad265d967b1b45f1fc578/testbuild/testprog
[0m
['/usr/bin/g++', 'test.cpp.1.o', '-o', '/home/projects/ns-allinone-3.16/ns-3.16/build/.conf_check_703a8a276d4ad265d967b1b45f1fc578/testbuild/testprog', '-Wl,-Bstatic', '-Wl,-Bdynamic']
yes
-------------------------------------------------------------------------
Checking high precision time implementation
128-bit integer
-------------------------------------------------------------------------
Checking for header stdint.h
==>
#include <stdint.h>

int main() {
	return 0;
}

<==
[1/2] [32mcxx: build/.conf_check_c59373285bc13999c3df79164cb29af1/test.cpp -> build/.conf_check_c59373285bc13999c3df79164cb29af1/testbuild/test.cpp.1.o
[0m
['/usr/bin/g++', '-std=c++11', '-DNS3_ASSERT_ENABLE', '-DNS3_LOG_ENABLE', '-DHAVE___UINT128_T=1', '-DINT64X64_USE_128=1', '../test.cpp', '-c', '-o', 'test.cpp.1.o']
[2/2] [33mcxxprogram: build/.conf_check_c59373285bc13999c3df79164cb29af1/testbuild/test.cpp.1.o -> build/.conf_check_c59373285bc13999c3df79164cb29af1/testbuild/testprog
[0m
['/usr/bin/g++', 'test.cpp.1.o', '-o', '/home/projects/ns-allinone-3.16/ns-3.16/build/.conf_check_c59373285bc13999c3df79164cb29af1/testbuild/testprog', '-Wl,-Bstatic', '-Wl,-Bdynamic']
yes
-------------------------------------------------------------------------
Checking for header inttypes.h
==>
#include <inttypes.h>

int main() {
	return 0;
}

<==
[1/2] [32mcxx: build/.conf_check_591f7be6a22ba3cd4f507fd8bc09bd2a/test.cpp -> build/.conf_check_591f7be6a22ba3cd4f507fd8bc09bd2a/testbuild/test.cpp.1.o
[0m
['/usr/bin/g++', '-std=c++11', '-DNS3_ASSERT_ENABLE', '-DNS3_LOG_ENABLE', '-DHAVE___UINT128_T=1', '-DINT64X64_USE_128=1', '-DHAVE_STDINT_H=1', '../test.cpp', '-c', '-o', 'test.cpp.1.o']
[2/2] [33mcxxprogram: build/.conf_check_591f7be6a22ba3cd4f507fd8bc09bd2a/testbuild/test.cpp.1.o -> build/.conf_check_591f7be6a22ba3cd4f507fd8bc09bd2a/testbuild/testprog
[0m
['/usr/bin/g++', 'test.cpp.1.o', '-o', '/home/projects/ns-allinone-3.16/ns-3.16/build/.conf_check_591f7be6a22ba3cd4f507fd8bc09bd2a/testbuild/testprog', '-Wl,-Bstatic', '-Wl,-Bdynamic']
yes
-------------------------------------------------------------------------
Checking for header sys/inttypes.h
==>
#include <sys/inttypes.h>

int main() {
	return 0;
}

<==
[1/2] [32mcxx: build/.conf_check_2ca1edb217ad9cef6c81468eb5adffbb/test.cpp -> build/.conf_check_2ca1edb217ad9cef6c81468eb5adffbb/testbuild/test.cpp.1.o
[0m
['/usr/bin/g++', '-std=c++11', '-DNS3_ASSERT_ENABLE', '-DNS3_LOG_ENABLE', '-DHAVE___UINT128_T=1', '-DINT64X64_USE_128=1', '-DHAVE_STDINT_H=1', '-DHAVE_INTTYPES_H=1', '../test.cpp', '-c', '-o', 'test.cpp.1.o']
err: ../test.cpp:1:26: fatal error: sys/inttypes.h: No such file or directory
compilation terminated.

from /home/projects/ns-allinone-3.16/ns-3.16/src/core: Test does not build: Traceback (most recent call last):
  File "/home/projects/ns-allinone-3.16/ns-3.16/.waf-1.6.11-30618c54883417962c38f5d395f83584/waflib/Tools/c_config.py", line 445, in run_c_code
    bld.compile()
  File "/home/projects/ns-allinone-3.16/ns-3.16/.waf-1.6.11-30618c54883417962c38f5d395f83584/waflib/Build.py", line 190, in compile
    raise Errors.BuildError(self.producer.error)
BuildError: Build failed
 -> task in 'testprog' failed (exit status 1): 
	{task 139732253782864: cxx test.cpp -> test.cpp.1.o}
['/usr/bin/g++', '-std=c++11', '-DNS3_ASSERT_ENABLE', '-DNS3_LOG_ENABLE', '-DHAVE___UINT128_T=1', '-DINT64X64_USE_128=1', '-DHAVE_STDINT_H=1', '-DHAVE_INTTYPES_H=1', '../test.cpp', '-c', '-o', 'test.cpp.1.o']

not found
from /home/projects/ns-allinone-3.16/ns-3.16/src/core: The configuration failed
-------------------------------------------------------------------------
Checking for header sys/types.h
==>
#include <sys/types.h>

int main() {
	return 0;
}

<==
[1/2] [32mcxx: build/.conf_check_293985459965597c97c3759b44ed252b/test.cpp -> build/.conf_check_293985459965597c97c3759b44ed252b/testbuild/test.cpp.1.o
[0m
['/usr/bin/g++', '-std=c++11', '-DNS3_ASSERT_ENABLE', '-DNS3_LOG_ENABLE', '-DHAVE___UINT128_T=1', '-DINT64X64_USE_128=1', '-DHAVE_STDINT_H=1', '-DHAVE_INTTYPES_H=1', '../test.cpp', '-c', '-o', 'test.cpp.1.o']
[2/2] [33mcxxprogram: build/.conf_check_293985459965597c97c3759b44ed252b/testbuild/test.cpp.1.o -> build/.conf_check_293985459965597c97c3759b44ed252b/testbuild/testprog
[0m
['/usr/bin/g++', 'test.cpp.1.o', '-o', '/home/projects/ns-allinone-3.16/ns-3.16/build/.conf_check_293985459965597c97c3759b44ed252b/testbuild/testprog', '-Wl,-Bstatic', '-Wl,-Bdynamic']
yes
-------------------------------------------------------------------------
Checking for header sys/stat.h
==>
#include <sys/stat.h>

int main() {
	return 0;
}

<==
[1/2] [32mcxx: build/.conf_check_114df6287ed99356d14a06682bc98197/test.cpp -> build/.conf_check_114df6287ed99356d14a06682bc98197/testbuild/test.cpp.1.o
[0m
['/usr/bin/g++', '-std=c++11', '-DNS3_ASSERT_ENABLE', '-DNS3_LOG_ENABLE', '-DHAVE___UINT128_T=1', '-DINT64X64_USE_128=1', '-DHAVE_STDINT_H=1', '-DHAVE_INTTYPES_H=1', '-DHAVE_SYS_TYPES_H=1', '../test.cpp', '-c', '-o', 'test.cpp.1.o']
[2/2] [33mcxxprogram: build/.conf_check_114df6287ed99356d14a06682bc98197/testbuild/test.cpp.1.o -> build/.conf_check_114df6287ed99356d14a06682bc98197/testbuild/testprog
[0m
['/usr/bin/g++', 'test.cpp.1.o', '-o', '/home/projects/ns-allinone-3.16/ns-3.16/build/.conf_check_114df6287ed99356d14a06682bc98197/testbuild/testprog', '-Wl,-Bstatic', '-Wl,-Bdynamic']
yes
-------------------------------------------------------------------------
Checking for header dirent.h
==>
#include <dirent.h>

int main() {
	return 0;
}

<==
[1/2] [32mcxx: build/.conf_check_38008f7ca978e5462e378992d39050f1/test.cpp -> build/.conf_check_38008f7ca978e5462e378992d39050f1/testbuild/test.cpp.1.o
[0m
['/usr/bin/g++', '-std=c++11', '-DNS3_ASSERT_ENABLE', '-DNS3_LOG_ENABLE', '-DHAVE___UINT128_T=1', '-DINT64X64_USE_128=1', '-DHAVE_STDINT_H=1', '-DHAVE_INTTYPES_H=1', '-DHAVE_SYS_TYPES_H=1', '-DHAVE_SYS_STAT_H=1', '../test.cpp', '-c', '-o', 'test.cpp.1.o']
[2/2] [33mcxxprogram: build/.conf_check_38008f7ca978e5462e378992d39050f1/testbuild/test.cpp.1.o -> build/.conf_check_38008f7ca978e5462e378992d39050f1/testbuild/testprog
[0m
['/usr/bin/g++', 'test.cpp.1.o', '-o', '/home/projects/ns-allinone-3.16/ns-3.16/build/.conf_check_38008f7ca978e5462e378992d39050f1/testbuild/testprog', '-Wl,-Bstatic', '-Wl,-Bdynamic']
yes
-------------------------------------------------------------------------
Checking for header stdlib.h
==>
#include <stdlib.h>

int main() {
	return 0;
}

<==
[1/2] [32mcxx: build/.conf_check_29f41b0aad55c9546dfc9b7ce9859059/test.cpp -> build/.conf_check_29f41b0aad55c9546dfc9b7ce9859059/testbuild/test.cpp.1.o
[0m
['/usr/bin/g++', '-std=c++11', '-DNS3_ASSERT_ENABLE', '-DNS3_LOG_ENABLE', '-DHAVE___UINT128_T=1', '-DINT64X64_USE_128=1', '-DHAVE_STDINT_H=1', '-DHAVE_INTTYPES_H=1', '-DHAVE_SYS_TYPES_H=1', '-DHAVE_SYS_STAT_H=1', '-DHAVE_DIRENT_H=1', '../test.cpp', '-c', '-o', 'test.cpp.1.o']
[2/2] [33mcxxprogram: build/.conf_check_29f41b0aad55c9546dfc9b7ce9859059/testbuild/test.cpp.1.o -> build/.conf_check_29f41b0aad55c9546dfc9b7ce9859059/testbuild/testprog
[0m
['/usr/bin/g++', 'test.cpp.1.o', '-o', '/home/projects/ns-allinone-3.16/ns-3.16/build/.conf_check_29f41b0aad55c9546dfc9b7ce9859059/testbuild/testprog', '-Wl,-Bstatic', '-Wl,-Bdynamic']
yes
-------------------------------------------------------------------------
Checking for header signal.h
==>
#include <signal.h>

int main() {
	return 0;
}

<==
[1/2] [32mcxx: build/.conf_check_cc227f9b4319ad1c726eca4fb806395e/test.cpp -> build/.conf_check_cc227f9b4319ad1c726eca4fb806395e/testbuild/test.cpp.1.o
[0m
['/usr/bin/g++', '-std=c++11', '-DNS3_ASSERT_ENABLE', '-DNS3_LOG_ENABLE', '-DHAVE___UINT128_T=1', '-DINT64X64_USE_128=1', '-DHAVE_STDINT_H=1', '-DHAVE_INTTYPES_H=1', '-DHAVE_SYS_TYPES_H=1', '-DHAVE_SYS_STAT_H=1', '-DHAVE_DIRENT_H=1', '-DHAVE_STDLIB_H=1', '-DHAVE_GETENV=1', '../test.cpp', '-c', '-o', 'test.cpp.1.o']
[2/2] [33mcxxprogram: build/.conf_check_cc227f9b4319ad1c726eca4fb806395e/testbuild/test.cpp.1.o -> build/.conf_check_cc227f9b4319ad1c726eca4fb806395e/testbuild/testprog
[0m
['/usr/bin/g++', 'test.cpp.1.o', '-o', '/home/projects/ns-allinone-3.16/ns-3.16/build/.conf_check_cc227f9b4319ad1c726eca4fb806395e/testbuild/testprog', '-Wl,-Bstatic', '-Wl,-Bdynamic']
yes
-------------------------------------------------------------------------
Checking for header pthread.h
==>

#include <pthread.h>
int main ()
{
   pthread_mutex_t m;
   pthread_mutex_init (&m, NULL);
   return 0;
}

<==
[1/2] [32mcxx: build/.conf_check_2be466e82e703a744ee152afe2b58299/test.cpp -> build/.conf_check_2be466e82e703a744ee152afe2b58299/testbuild/test.cpp.1.o
[0m
['/usr/bin/g++', '-std=c++11', '-pthread', '-DNS3_ASSERT_ENABLE', '-DNS3_LOG_ENABLE', '-DHAVE___UINT128_T=1', '-DINT64X64_USE_128=1', '-DHAVE_STDINT_H=1', '-DHAVE_INTTYPES_H=1', '-DHAVE_SYS_TYPES_H=1', '-DHAVE_SYS_STAT_H=1', '-DHAVE_DIRENT_H=1', '-DHAVE_STDLIB_H=1', '-DHAVE_GETENV=1', '-DHAVE_SIGNAL_H=1', '../test.cpp', '-c', '-o', 'test.cpp.1.o']
[2/2] [33mcxxprogram: build/.conf_check_2be466e82e703a744ee152afe2b58299/testbuild/test.cpp.1.o -> build/.conf_check_2be466e82e703a744ee152afe2b58299/testbuild/testprog
[0m
['/usr/bin/g++', '-pthread', 'test.cpp.1.o', '-o', '/home/projects/ns-allinone-3.16/ns-3.16/build/.conf_check_2be466e82e703a744ee152afe2b58299/testbuild/testprog', '-Wl,-Bstatic', '-Wl,-Bdynamic']
yes
-------------------------------------------------------------------------
Checking for header stdint.h
==>
#include <stdint.h>

int main() {
	return 0;
}

<==
[1/2] [32mcxx: build/.conf_check_c59373285bc13999c3df79164cb29af1/test.cpp -> build/.conf_check_c59373285bc13999c3df79164cb29af1/testbuild/test.cpp.1.o
[0m
['/usr/bin/g++', '-std=c++11', '-DNS3_ASSERT_ENABLE', '-DNS3_LOG_ENABLE', '-DHAVE___UINT128_T=1', '-DINT64X64_USE_128=1', '-DHAVE_INTTYPES_H=1', '-DHAVE_SYS_TYPES_H=1', '-DHAVE_SYS_STAT_H=1', '-DHAVE_DIRENT_H=1', '-DHAVE_STDLIB_H=1', '-DHAVE_GETENV=1', '-DHAVE_SIGNAL_H=1', '-DHAVE_PTHREAD_H=1', '../test.cpp', '-c', '-o', 'test.cpp.1.o']
[2/2] [33mcxxprogram: build/.conf_check_c59373285bc13999c3df79164cb29af1/testbuild/test.cpp.1.o -> build/.conf_check_c59373285bc13999c3df79164cb29af1/testbuild/testprog
[0m
['/usr/bin/g++', 'test.cpp.1.o', '-o', '/home/projects/ns-allinone-3.16/ns-3.16/build/.conf_check_c59373285bc13999c3df79164cb29af1/testbuild/testprog', '-Wl,-Bstatic', '-Wl,-Bdynamic']
yes
-------------------------------------------------------------------------
Checking for header inttypes.h
==>
#include <inttypes.h>

int main() {
	return 0;
}

<==
[1/2] [32mcxx: build/.conf_check_591f7be6a22ba3cd4f507fd8bc09bd2a/test.cpp -> build/.conf_check_591f7be6a22ba3cd4f507fd8bc09bd2a/testbuild/test.cpp.1.o
[0m
['/usr/bin/g++', '-std=c++11', '-DNS3_ASSERT_ENABLE', '-DNS3_LOG_ENABLE', '-DHAVE___UINT128_T=1', '-DINT64X64_USE_128=1', '-DHAVE_SYS_TYPES_H=1', '-DHAVE_SYS_STAT_H=1', '-DHAVE_DIRENT_H=1', '-DHAVE_STDLIB_H=1', '-DHAVE_GETENV=1', '-DHAVE_SIGNAL_H=1', '-DHAVE_PTHREAD_H=1', '-DHAVE_STDINT_H=1', '../test.cpp', '-c', '-o', 'test.cpp.1.o']
[2/2] [33mcxxprogram: build/.conf_check_591f7be6a22ba3cd4f507fd8bc09bd2a/testbuild/test.cpp.1.o -> build/.conf_check_591f7be6a22ba3cd4f507fd8bc09bd2a/testbuild/testprog
[0m
['/usr/bin/g++', 'test.cpp.1.o', '-o', '/home/projects/ns-allinone-3.16/ns-3.16/build/.conf_check_591f7be6a22ba3cd4f507fd8bc09bd2a/testbuild/testprog', '-Wl,-Bstatic', '-Wl,-Bdynamic']
yes
-------------------------------------------------------------------------
Checking for header sys/inttypes.h
==>
#include <sys/inttypes.h>

int main() {
	return 0;
}

<==
[1/2] [32mcxx: build/.conf_check_2ca1edb217ad9cef6c81468eb5adffbb/test.cpp -> build/.conf_check_2ca1edb217ad9cef6c81468eb5adffbb/testbuild/test.cpp.1.o
[0m
['/usr/bin/g++', '-std=c++11', '-DNS3_ASSERT_ENABLE', '-DNS3_LOG_ENABLE', '-DHAVE___UINT128_T=1', '-DINT64X64_USE_128=1', '-DHAVE_SYS_TYPES_H=1', '-DHAVE_SYS_STAT_H=1', '-DHAVE_DIRENT_H=1', '-DHAVE_STDLIB_H=1', '-DHAVE_GETENV=1', '-DHAVE_SIGNAL_H=1', '-DHAVE_PTHREAD_H=1', '-DHAVE_STDINT_H=1', '-DHAVE_INTTYPES_H=1', '../test.cpp', '-c', '-o', 'test.cpp.1.o']
err: ../test.cpp:1:26: fatal error: sys/inttypes.h: No such file or directory
compilation terminated.

from /home/projects/ns-allinone-3.16/ns-3.16/src/core: Test does not build: Traceback (most recent call last):
  File "/home/projects/ns-allinone-3.16/ns-3.16/.waf-1.6.11-30618c54883417962c38f5d395f83584/waflib/Tools/c_config.py", line 445, in run_c_code
    bld.compile()
  File "/home/projects/ns-allinone-3.16/ns-3.16/.waf-1.6.11-30618c54883417962c38f5d395f83584/waflib/Build.py", line 190, in compile
    raise Errors.BuildError(self.producer.error)
BuildError: Build failed
 -> task in 'testprog' failed (exit status 1): 
	{task 139732253301712: cxx test.cpp -> test.cpp.1.o}
['/usr/bin/g++', '-std=c++11', '-DNS3_ASSERT_ENABLE', '-DNS3_LOG_ENABLE', '-DHAVE___UINT128_T=1', '-DINT64X64_USE_128=1', '-DHAVE_SYS_TYPES_H=1', '-DHAVE_SYS_STAT_H=1', '-DHAVE_DIRENT_H=1', '-DHAVE_STDLIB_H=1', '-DHAVE_GETENV=1', '-DHAVE_SIGNAL_H=1', '-DHAVE_PTHREAD_H=1', '-DHAVE_STDINT_H=1', '-DHAVE_INTTYPES_H=1', '../test.cpp', '-c', '-o', 'test.cpp.1.o']

not found
from /home/projects/ns-allinone-3.16/ns-3.16/src/core: The configuration failed
-------------------------------------------------------------------------
Checking for library rt
==>

int main() {
	return 0;
}

<==
[1/2] [32mcxx: build/.conf_check_fc0bab0b855f90bf0795892663948c43/test.cpp -> build/.conf_check_fc0bab0b855f90bf0795892663948c43/testbuild/test.cpp.1.o
[0m
['/usr/bin/g++', '-std=c++11', '-pthread', '-DNS3_ASSERT_ENABLE', '-DNS3_LOG_ENABLE', '-DHAVE___UINT128_T=1', '-DINT64X64_USE_128=1', '-DHAVE_SYS_TYPES_H=1', '-DHAVE_SYS_STAT_H=1', '-DHAVE_DIRENT_H=1', '-DHAVE_STDLIB_H=1', '-DHAVE_GETENV=1', '-DHAVE_SIGNAL_H=1', '-DHAVE_PTHREAD_H=1', '-DHAVE_STDINT_H=1', '-DHAVE_INTTYPES_H=1', '../test.cpp', '-c', '-o', 'test.cpp.1.o']
[2/2] [33mcxxprogram: build/.conf_check_fc0bab0b855f90bf0795892663948c43/testbuild/test.cpp.1.o -> build/.conf_check_fc0bab0b855f90bf0795892663948c43/testbuild/testprog
[0m
['/usr/bin/g++', '-pthread', 'test.cpp.1.o', '-o', '/home/projects/ns-allinone-3.16/ns-3.16/build/.conf_check_fc0bab0b855f90bf0795892663948c43/testbuild/testprog', '-Wl,-Bstatic', '-Wl,-Bdynamic', '-lrt']
yes
-------------------------------------------------------------------------
Checking for header netpacket/packet.h
==>
#include <netpacket/packet.h>

int main() {
	return 0;
}

<==
[1/2] [32mcxx: build/.conf_check_0927534631877d46f179382e3e16c60a/test.cpp -> build/.conf_check_0927534631877d46f179382e3e16c60a/testbuild/test.cpp.1.o
[0m
['/usr/bin/g++', '-std=c++11', '-DNS3_ASSERT_ENABLE', '-DNS3_LOG_ENABLE', '../test.cpp', '-c', '-o', 'test.cpp.1.o']
[2/2] [33mcxxprogram: build/.conf_check_0927534631877d46f179382e3e16c60a/testbuild/test.cpp.1.o -> build/.conf_check_0927534631877d46f179382e3e16c60a/testbuild/testprog
[0m
['/usr/bin/g++', 'test.cpp.1.o', '-o', '/home/projects/ns-allinone-3.16/ns-3.16/build/.conf_check_0927534631877d46f179382e3e16c60a/testbuild/testprog', '-Wl,-Bstatic', '-Wl,-Bdynamic']
yes
-------------------------------------------------------------------------
Checking for NSC location
../nsc-0.5.3 (guessed)
-------------------------------------------------------------------------
Checking for library dl
==>

int main() {
	return 0;
}

<==
[1/2] [32mcxx: build/.conf_check_d41260396f19e38ce84fe4d01cedee3c/test.cpp -> build/.conf_check_d41260396f19e38ce84fe4d01cedee3c/testbuild/test.cpp.1.o
[0m
['/usr/bin/g++', '-std=c++11', '-DNS3_ASSERT_ENABLE', '-DNS3_LOG_ENABLE', '-DHAVE_PACKET_H=1', '../test.cpp', '-c', '-o', 'test.cpp.1.o']
[2/2] [33mcxxprogram: build/.conf_check_d41260396f19e38ce84fe4d01cedee3c/testbuild/test.cpp.1.o -> build/.conf_check_d41260396f19e38ce84fe4d01cedee3c/testbuild/testprog
[0m
['/usr/bin/g++', 'test.cpp.1.o', '-o', '/home/projects/ns-allinone-3.16/ns-3.16/build/.conf_check_d41260396f19e38ce84fe4d01cedee3c/testbuild/testprog', '-Wl,-Bstatic', '-Wl,-Bdynamic', '-ldl']
yes
-------------------------------------------------------------------------
Checking for NSC supported architecture x86_64
ok
-------------------------------------------------------------------------
Checking boost includes
from /home/projects/ns-allinone-3.16/ns-3.16/src/openflow: headers not found, use --boost-includes=/path/to/boost
not found
-------------------------------------------------------------------------
Checking for library sqlite3
==>

int main() {
	return 0;
}

<==
[1/2] [32mcxx: build/.conf_check_39b3cecfac3989b2ed760243cef109e6/test.cpp -> build/.conf_check_39b3cecfac3989b2ed760243cef109e6/testbuild/test.cpp.1.o
[0m
['/usr/bin/g++', '-std=c++11', '-DNS3_ASSERT_ENABLE', '-DNS3_LOG_ENABLE', '-DHAVE_PACKET_H=1', '-DHAVE_DL=1', '../test.cpp', '-c', '-o', 'test.cpp.1.o']
[2/2] [33mcxxprogram: build/.conf_check_39b3cecfac3989b2ed760243cef109e6/testbuild/test.cpp.1.o -> build/.conf_check_39b3cecfac3989b2ed760243cef109e6/testbuild/testprog
[0m
['/usr/bin/g++', 'test.cpp.1.o', '-o', '/home/projects/ns-allinone-3.16/ns-3.16/build/.conf_check_39b3cecfac3989b2ed760243cef109e6/testbuild/testprog', '-Wl,-Bstatic', '-Wl,-Bdynamic', '-lsqlite3']
err: /usr/bin/ld: cannot find -lsqlite3: No such file or directory
collect2: error: ld returned 1 exit status

from /home/projects/ns-allinone-3.16/ns-3.16/src/stats: Test does not build: Traceback (most recent call last):
  File "/home/projects/ns-allinone-3.16/ns-3.16/.waf-1.6.11-30618c54883417962c38f5d395f83584/waflib/Tools/c_config.py", line 445, in run_c_code
    bld.compile()
  File "/home/projects/ns-allinone-3.16/ns-3.16/.waf-1.6.11-30618c54883417962c38f5d395f83584/waflib/Build.py", line 190, in compile
    raise Errors.BuildError(self.producer.error)
BuildError: Build failed
 -> task in 'testprog' failed (exit status 1): 
	{task 139732253367184: cxxprogram test.cpp.1.o -> testprog}
['/usr/bin/g++', 'test.cpp.1.o', '-o', '/home/projects/ns-allinone-3.16/ns-3.16/build/.conf_check_39b3cecfac3989b2ed760243cef109e6/testbuild/testprog', '-Wl,-Bstatic', '-Wl,-Bdynamic', '-lsqlite3']

not found
from /home/projects/ns-allinone-3.16/ns-3.16/src/stats: The configuration failed
-------------------------------------------------------------------------
Checking for pkg-config flags for SQLITE3
['/usr/bin/pkg-config', '--cflags', '--libs', 'sqlite3']: '' (exit code 1)
Package sqlite3 was not found in the pkg-config search path.
Perhaps you should add the directory containing `sqlite3.pc'
to the PKG_CONFIG_PATH environment variable
No package 'sqlite3' found

not found
-------------------------------------------------------------------------
Checking for header linux/if_tun.h
==>
#include <linux/if_tun.h>

int main() {
	return 0;
}

<==
[1/2] [32mcxx: build/.conf_check_e2bf758aaca47858b67848f504a8de27/test.cpp -> build/.conf_check_e2bf758aaca47858b67848f504a8de27/testbuild/test.cpp.1.o
[0m
['/usr/bin/g++', '-std=c++11', '-DNS3_ASSERT_ENABLE', '-DNS3_LOG_ENABLE', '-DHAVE_PACKET_H=1', '-DHAVE_DL=1', '../test.cpp', '-c', '-o', 'test.cpp.1.o']
[2/2] [33mcxxprogram: build/.conf_check_e2bf758aaca47858b67848f504a8de27/testbuild/test.cpp.1.o -> build/.conf_check_e2bf758aaca47858b67848f504a8de27/testbuild/testprog
[0m
['/usr/bin/g++', 'test.cpp.1.o', '-o', '/home/projects/ns-allinone-3.16/ns-3.16/build/.conf_check_e2bf758aaca47858b67848f504a8de27/testbuild/testprog', '-Wl,-Bstatic', '-Wl,-Bdynamic']
yes
-------------------------------------------------------------------------
Checking for program sudo
/usr/bin/sudo
find program=['sudo'] paths=['/home/.vscode-server/bin/1e790d77f81672c49be070e04474901747115651/bin/remote-cli', '/usr/local/sbin', '/usr/local/bin', '/usr/sbin', '/usr/bin', '/sbin', '/bin', '/usr/games', '/usr/local/games', '/usr/lib/wsl/lib', '/mnt/c/Program Files/Common Files/Oracle/Java/javapath', '/mnt/c/Windows/system32', '/mnt/c/Windows', '/mnt/c/Windows/System32/Wbem', '/mnt/c/Windows/System32/WindowsPowerShell/v1.0/', '/mnt/c/Windows/System32/OpenSSH/', '/mnt/d/Courses/miniconda3', '/mnt/d/Courses/miniconda3/Scripts', '/mnt/d/Courses/miniconda3/Library/mingw-w64/bin', '/mnt/d/Courses/miniconda3/Library/bin', '/mnt/c/Program Files/Git/cmd', '/mnt/c/Program Files/dotnet/', '/mnt/d/Courses/Nodejs/', '/mnt/d/dev/apache-maven-3.9.5/bin', '/mnt/d/dev/JDK11/bin', '/mnt/c/Users/ZCY-/OneDrive/automation', '/mnt/c/Program Files/Docker/Docker/resources/bin', '/mnt/d/dev/mysql-8.1.0-winx64/bin', '/mnt/d/dev/Windows Kits/Windows Performance Toolkit/', '/mnt/c/Program Files (x86)/NetSarang/Xftp 7/', '/mnt/c/Users/ZCY-/AppData/Local/Microsoft/WindowsApps', '/mnt/d/Program Files/Microsoft VS Code/bin', '/mnt/d/Program Files/IntelliJ IDEA 2023.1.3/bin', '/mnt/c/Users/ZCY-/AppData/Local/GitHubDesktop/bin', '/mnt/c/Users/ZCY-/AppData/Roaming/npm', '/snap/bin'] var='SUDO' -> '/usr/bin/sudo'
-------------------------------------------------------------------------
Checking for program valgrind
not found
find program=['valgrind'] paths=['/home/.vscode-server/bin/1e790d77f81672c49be070e04474901747115651/bin/remote-cli', '/usr/local/sbin', '/usr/local/bin', '/usr/sbin', '/usr/bin', '/sbin', '/bin', '/usr/games', '/usr/local/games', '/usr/lib/wsl/lib', '/mnt/c/Program Files/Common Files/Oracle/Java/javapath', '/mnt/c/Windows/system32', '/mnt/c/Windows', '/mnt/c/Windows/System32/Wbem', '/mnt/c/Windows/System32/WindowsPowerShell/v1.0/', '/mnt/c/Windows/System32/OpenSSH/', '/mnt/d/Courses/miniconda3', '/mnt/d/Courses/miniconda3/Scripts', '/mnt/d/Courses/miniconda3/Library/mingw-w64/bin', '/mnt/d/Courses/miniconda3/Library/bin', '/mnt/c/Program Files/Git/cmd', '/mnt/c/Program Files/dotnet/', '/mnt/d/Courses/Nodejs/', '/mnt/d/dev/apache-maven-3.9.5/bin', '/mnt/d/dev/JDK11/bin', '/mnt/c/Users/ZCY-/OneDrive/automation', '/mnt/c/Program Files/Docker/Docker/resources/bin', '/mnt/d/dev/mysql-8.1.0-winx64/bin', '/mnt/d/dev/Windows Kits/Windows Performance Toolkit/', '/mnt/c/Program Files (x86)/NetSarang/Xftp 7/', '/mnt/c/Users/ZCY-/AppData/Local/Microsoft/WindowsApps', '/mnt/d/Program Files/Microsoft VS Code/bin', '/mnt/d/Program Files/IntelliJ IDEA 2023.1.3/bin', '/mnt/c/Users/ZCY-/AppData/Local/GitHubDesktop/bin', '/mnt/c/Users/ZCY-/AppData/Roaming/npm', '/snap/bin'] var='VALGRIND' -> ''
from /home/projects/ns-allinone-3.16/ns-3.16: Could not find the program valgrind
-------------------------------------------------------------------------
Checking for pkg-config flags for GSL
['/usr/bin/pkg-config', '--cflags', '--libs', 'gsl']: '' (exit code 1)
Package gsl was not found in the pkg-config search path.
Perhaps you should add the directory containing `gsl.pc'
to the PKG_CONFIG_PATH environment variable
No package 'gsl' found

not found
-------------------------------------------------------------------------
Checking for compilation flag -Wno-error=deprecated-d... support
==>
#include <stdio.h>
int main() { return 0; }

<==
[1/2] [32mc: build/.conf_check_d8a2c40aecfb7c8eac7dd03fcbfb1110/test.c -> build/.conf_check_d8a2c40aecfb7c8eac7dd03fcbfb1110/testbuild/test.c.1.o
[0m
['/usr/bin/gcc', '-Wno-error=deprecated-declarations', '-DNS3_ASSERT_ENABLE', '-DNS3_LOG_ENABLE', '-DHAVE_PACKET_H=1', '-DHAVE_DL=1', '-DHAVE_IF_TUN_H=1', '../test.c', '-c', '-o', 'test.c.1.o']
[2/2] [33mcprogram: build/.conf_check_d8a2c40aecfb7c8eac7dd03fcbfb1110/testbuild/test.c.1.o -> build/.conf_check_d8a2c40aecfb7c8eac7dd03fcbfb1110/testbuild/testprog
[0m
['/usr/bin/gcc', 'test.c.1.o', '-o', '/home/projects/ns-allinone-3.16/ns-3.16/build/.conf_check_d8a2c40aecfb7c8eac7dd03fcbfb1110/testbuild/testprog', '-Wl,-Bstatic', '-Wl,-Bdynamic']
ok
-------------------------------------------------------------------------
Checking for compilation flag -fstrict-aliasing... support
==>
#include <stdio.h>
int main() { return 0; }

<==
[1/2] [32mc: build/.conf_check_d8a2c40aecfb7c8eac7dd03fcbfb1110/test.c -> build/.conf_check_d8a2c40aecfb7c8eac7dd03fcbfb1110/testbuild/test.c.1.o
[0m
['/usr/bin/gcc', '-fstrict-aliasing', '-DNS3_ASSERT_ENABLE', '-DNS3_LOG_ENABLE', '-DHAVE_PACKET_H=1', '-DHAVE_DL=1', '-DHAVE_IF_TUN_H=1', '../test.c', '-c', '-o', 'test.c.1.o']
[2/2] [33mcprogram: build/.conf_check_d8a2c40aecfb7c8eac7dd03fcbfb1110/testbuild/test.c.1.o -> build/.conf_check_d8a2c40aecfb7c8eac7dd03fcbfb1110/testbuild/testprog
[0m
['/usr/bin/gcc', 'test.c.1.o', '-o', '/home/projects/ns-allinone-3.16/ns-3.16/build/.conf_check_d8a2c40aecfb7c8eac7dd03fcbfb1110/testbuild/testprog', '-Wl,-Bstatic', '-Wl,-Bdynamic']
ok
-------------------------------------------------------------------------
Checking for compilation flag -Wstrict-aliasing... support
==>
#include <stdio.h>
int main() { return 0; }

<==
[1/2] [32mc: build/.conf_check_d8a2c40aecfb7c8eac7dd03fcbfb1110/test.c -> build/.conf_check_d8a2c40aecfb7c8eac7dd03fcbfb1110/testbuild/test.c.1.o
[0m
['/usr/bin/gcc', '-Wstrict-aliasing', '-DNS3_ASSERT_ENABLE', '-DNS3_LOG_ENABLE', '-DHAVE_PACKET_H=1', '-DHAVE_DL=1', '-DHAVE_IF_TUN_H=1', '../test.c', '-c', '-o', 'test.c.1.o']
[2/2] [33mcprogram: build/.conf_check_d8a2c40aecfb7c8eac7dd03fcbfb1110/testbuild/test.c.1.o -> build/.conf_check_d8a2c40aecfb7c8eac7dd03fcbfb1110/testbuild/testprog
[0m
['/usr/bin/gcc', 'test.c.1.o', '-o', '/home/projects/ns-allinone-3.16/ns-3.16/build/.conf_check_d8a2c40aecfb7c8eac7dd03fcbfb1110/testbuild/testprog', '-Wl,-Bstatic', '-Wl,-Bdynamic']
ok
-------------------------------------------------------------------------
Checking for program doxygen
not found
find program=['doxygen'] paths=['/home/.vscode-server/bin/1e790d77f81672c49be070e04474901747115651/bin/remote-cli', '/usr/local/sbin', '/usr/local/bin', '/usr/sbin', '/usr/bin', '/sbin', '/bin', '/usr/games', '/usr/local/games', '/usr/lib/wsl/lib', '/mnt/c/Program Files/Common Files/Oracle/Java/javapath', '/mnt/c/Windows/system32', '/mnt/c/Windows', '/mnt/c/Windows/System32/Wbem', '/mnt/c/Windows/System32/WindowsPowerShell/v1.0/', '/mnt/c/Windows/System32/OpenSSH/', '/mnt/d/Courses/miniconda3', '/mnt/d/Courses/miniconda3/Scripts', '/mnt/d/Courses/miniconda3/Library/mingw-w64/bin', '/mnt/d/Courses/miniconda3/Library/bin', '/mnt/c/Program Files/Git/cmd', '/mnt/c/Program Files/dotnet/', '/mnt/d/Courses/Nodejs/', '/mnt/d/dev/apache-maven-3.9.5/bin', '/mnt/d/dev/JDK11/bin', '/mnt/c/Users/ZCY-/OneDrive/automation', '/mnt/c/Program Files/Docker/Docker/resources/bin', '/mnt/d/dev/mysql-8.1.0-winx64/bin', '/mnt/d/dev/Windows Kits/Windows Performance Toolkit/', '/mnt/c/Program Files (x86)/NetSarang/Xftp 7/', '/mnt/c/Users/ZCY-/AppData/Local/Microsoft/WindowsApps', '/mnt/d/Program Files/Microsoft VS Code/bin', '/mnt/d/Program Files/IntelliJ IDEA 2023.1.3/bin', '/mnt/c/Users/ZCY-/AppData/Local/GitHubDesktop/bin', '/mnt/c/Users/ZCY-/AppData/Roaming/npm', '/snap/bin'] var='DOXYGEN' -> ''
from /home/projects/ns-allinone-3.16/ns-3.16: Could not find the program doxygen
